<?xml version="1.0" encoding="UTF-8"?>
<!-- Generated by org.testng.reporters.JUnitReportReporter -->
<testsuite skipped="0" hostname="BDC6-DX-6C2CNK2" name="day3.WebDriver" tests="1" failures="0" timestamp="19 Sep 2019 04:38:35 GMT" time="24.440" errors="0">
  <testcase name="f" time="24.440" classname="day3.WebDriver"/>
</testsuite> <!-- day3.WebDriver -->
